<?xml version="1.0" encoding="UTF-8"?>
<testng-results skipped="0" failed="0" total="1" passed="1">
  <reporter-output>
  </reporter-output>
  <suite name="All Features" duration-ms="170521" started-at="2017-01-30T22:51:56Z" finished-at="2017-01-30T22:54:47Z">
    <groups>
      <group name="cucumber">
        <method signature="AbstractTestNGCucumberTests.feature(cucumber.api.testng.CucumberFeatureWrapper)[pri:0, instance:org.funjala.automation.web.mach2.Runner@8bd1b6a]" name="feature" class="cucumber.api.testng.AbstractTestNGCucumberTests"/>
      </group> <!-- cucumber -->
    </groups>
    <test name="Login on Pivotal and Tasks" duration-ms="170521" started-at="2017-01-30T22:51:56Z" finished-at="2017-01-30T22:54:47Z">
      <class name="org.funjala.automation.web.mach2.Runner">
        <test-method status="PASS" signature="setUpClass()[pri:0, instance:org.funjala.automation.web.mach2.Runner@8bd1b6a]" name="setUpClass" is-config="true" duration-ms="328" started-at="2017-01-30T18:51:56Z" finished-at="2017-01-30T18:51:56Z">
          <reporter-output>
          </reporter-output>
        </test-method> <!-- setUpClass -->
        <test-method status="PASS" signature="feature(cucumber.api.testng.CucumberFeatureWrapper)[pri:0, instance:org.funjala.automation.web.mach2.Runner@8bd1b6a]" name="feature" duration-ms="170005" started-at="2017-01-30T18:51:57Z" description="Runs Cucumber Feature" data-provider="features" finished-at="2017-01-30T18:54:47Z">
          <params>
            <param index="0">
              <value>
                <![CDATA[Validate Employee Personal Information]]>
              </value>
            </param>
          </params>
          <reporter-output>
          </reporter-output>
        </test-method> <!-- feature -->
        <test-method status="PASS" signature="tearDownClass()[pri:0, instance:org.funjala.automation.web.mach2.Runner@8bd1b6a]" name="tearDownClass" is-config="true" duration-ms="15" started-at="2017-01-30T18:54:47Z" finished-at="2017-01-30T18:54:47Z">
          <reporter-output>
          </reporter-output>
        </test-method> <!-- tearDownClass -->
      </class> <!-- org.funjala.automation.web.mach2.Runner -->
    </test> <!-- Login on Pivotal and Tasks -->
  </suite> <!-- All Features -->
</testng-results>
